  hw1.cpp
C:\Users\duyguu\source\repos\164 hw\hw1\hw1.cpp(66,12): warning C4244: 'bağımsız değişken': 'time_t' - 'unsigned int' dönüşümü; veri kaybı olabilir
C:\Users\duyguu\source\repos\164 hw\hw1\hw1.cpp(69,38): warning C4244: '=': 'int' - 'float' dönüşümü; veri kaybı olabilir
C:\Users\duyguu\source\repos\164 hw\hw1\hw1.cpp(70,45): warning C4244: '=': 'int' - 'float' dönüşümü; veri kaybı olabilir
C:\Users\duyguu\source\repos\164 hw\hw1\hw1.cpp(71,41): warning C4244: '=': 'double' - 'float' dönüşümü; veri kaybı olabilir
C:\Users\duyguu\source\repos\164 hw\hw1\hw1.cpp(78,38): warning C4244: 'bağımsız değişken': 'double' - 'GLfloat' dönüşümü; veri kaybı olabilir
C:\Users\duyguu\source\repos\164 hw\hw1\hw1.cpp(78,16): warning C4244: 'bağımsız değişken': 'double' - 'GLfloat' dönüşümü; veri kaybı olabilir
C:\Users\duyguu\source\repos\164 hw\hw1\hw1.cpp(153,25): warning C4305: 'bağımsız değişken': 'double' iken 'GLfloat' olarak kesildi
C:\Users\duyguu\source\repos\164 hw\hw1\hw1.cpp(158,16): warning C4244: 'bağımsız değişken': 'int' - 'GLfloat' dönüşümü; veri kaybı olabilir
C:\Users\duyguu\source\repos\164 hw\hw1\hw1.cpp(159,16): warning C4244: 'bağımsız değişken': 'int' - 'GLfloat' dönüşümü; veri kaybı olabilir
C:\Users\duyguu\source\repos\164 hw\hw1\hw1.cpp(160,16): warning C4244: 'bağımsız değişken': 'int' - 'GLfloat' dönüşümü; veri kaybı olabilir
C:\Users\duyguu\source\repos\164 hw\hw1\hw1.cpp(161,16): warning C4244: 'bağımsız değişken': 'int' - 'GLfloat' dönüşümü; veri kaybı olabilir
C:\Users\duyguu\source\repos\164 hw\hw1\hw1.cpp(176,70): warning C4244: 'bağımsız değişken': 'double' - 'GLfloat' dönüşümü; veri kaybı olabilir
C:\Users\duyguu\source\repos\164 hw\hw1\hw1.cpp(176,31): warning C4244: 'bağımsız değişken': 'double' - 'GLfloat' dönüşümü; veri kaybı olabilir
C:\Users\duyguu\source\repos\164 hw\hw1\hw1.cpp(177,70): warning C4244: 'bağımsız değişken': 'double' - 'GLfloat' dönüşümü; veri kaybı olabilir
C:\Users\duyguu\source\repos\164 hw\hw1\hw1.cpp(177,31): warning C4244: 'bağımsız değişken': 'double' - 'GLfloat' dönüşümü; veri kaybı olabilir
C:\Users\duyguu\source\repos\164 hw\hw1\hw1.cpp(187,30): warning C4244: 'bağımsız değişken': 'float' - 'int' dönüşümü; veri kaybı olabilir
C:\Users\duyguu\source\repos\164 hw\hw1\hw1.cpp(187,18): warning C4244: 'bağımsız değişken': 'float' - 'int' dönüşümü; veri kaybı olabilir
C:\Users\duyguu\source\repos\164 hw\hw1\hw1.cpp(194,67): warning C4244: 'bağımsız değişken': 'double' - 'int' dönüşümü; veri kaybı olabilir
C:\Users\duyguu\source\repos\164 hw\hw1\hw1.cpp(194,38): warning C4244: 'bağımsız değişken': 'double' - 'int' dönüşümü; veri kaybı olabilir
C:\Users\duyguu\source\repos\164 hw\hw1\hw1.cpp(195,70): warning C4244: 'bağımsız değişken': 'double' - 'int' dönüşümü; veri kaybı olabilir
C:\Users\duyguu\source\repos\164 hw\hw1\hw1.cpp(195,38): warning C4244: 'bağımsız değişken': 'double' - 'int' dönüşümü; veri kaybı olabilir
C:\Users\duyguu\source\repos\164 hw\hw1\hw1.cpp(198,67): warning C4244: 'bağımsız değişken': 'double' - 'int' dönüşümü; veri kaybı olabilir
C:\Users\duyguu\source\repos\164 hw\hw1\hw1.cpp(198,38): warning C4244: 'bağımsız değişken': 'double' - 'int' dönüşümü; veri kaybı olabilir
C:\Users\duyguu\source\repos\164 hw\hw1\hw1.cpp(199,69): warning C4244: 'bağımsız değişken': 'double' - 'int' dönüşümü; veri kaybı olabilir
C:\Users\duyguu\source\repos\164 hw\hw1\hw1.cpp(199,38): warning C4244: 'bağımsız değişken': 'double' - 'int' dönüşümü; veri kaybı olabilir
C:\Users\duyguu\source\repos\164 hw\hw1\hw1.cpp(206,26): warning C4305: 'bağımsız değişken': 'double' iken 'GLfloat' olarak kesildi
C:\Users\duyguu\source\repos\164 hw\hw1\hw1.cpp(208,24): warning C4305: 'bağımsız değişken': 'double' iken 'GLfloat' olarak kesildi
C:\Users\duyguu\source\repos\164 hw\hw1\hw1.cpp(211,46): warning C4244: 'bağımsız değişken': 'int' - 'GLfloat' dönüşümü; veri kaybı olabilir
C:\Users\duyguu\source\repos\164 hw\hw1\hw1.cpp(211,27): warning C4244: 'bağımsız değişken': 'int' - 'GLfloat' dönüşümü; veri kaybı olabilir
C:\Users\duyguu\source\repos\164 hw\hw1\hw1.cpp(212,45): warning C4244: 'bağımsız değişken': 'int' - 'GLfloat' dönüşümü; veri kaybı olabilir
C:\Users\duyguu\source\repos\164 hw\hw1\hw1.cpp(212,26): warning C4244: 'bağımsız değişken': 'int' - 'GLfloat' dönüşümü; veri kaybı olabilir
C:\Users\duyguu\source\repos\164 hw\hw1\hw1.cpp(213,46): warning C4244: 'bağımsız değişken': 'int' - 'GLfloat' dönüşümü; veri kaybı olabilir
C:\Users\duyguu\source\repos\164 hw\hw1\hw1.cpp(213,26): warning C4244: 'bağımsız değişken': 'int' - 'GLfloat' dönüşümü; veri kaybı olabilir
C:\Users\duyguu\source\repos\164 hw\hw1\hw1.cpp(214,47): warning C4244: 'bağımsız değişken': 'int' - 'GLfloat' dönüşümü; veri kaybı olabilir
C:\Users\duyguu\source\repos\164 hw\hw1\hw1.cpp(214,27): warning C4244: 'bağımsız değişken': 'int' - 'GLfloat' dönüşümü; veri kaybı olabilir
C:\Users\duyguu\source\repos\164 hw\hw1\hw1.cpp(219,25): warning C4305: 'bağımsız değişken': 'double' iken 'GLfloat' olarak kesildi
C:\Users\duyguu\source\repos\164 hw\hw1\hw1.cpp(221,47): warning C4244: 'bağımsız değişken': 'int' - 'GLfloat' dönüşümü; veri kaybı olabilir
C:\Users\duyguu\source\repos\164 hw\hw1\hw1.cpp(221,27): warning C4244: 'bağımsız değişken': 'int' - 'GLfloat' dönüşümü; veri kaybı olabilir
C:\Users\duyguu\source\repos\164 hw\hw1\hw1.cpp(222,46): warning C4244: 'bağımsız değişken': 'int' - 'GLfloat' dönüşümü; veri kaybı olabilir
C:\Users\duyguu\source\repos\164 hw\hw1\hw1.cpp(222,26): warning C4244: 'bağımsız değişken': 'int' - 'GLfloat' dönüşümü; veri kaybı olabilir
C:\Users\duyguu\source\repos\164 hw\hw1\hw1.cpp(223,46): warning C4244: 'bağımsız değişken': 'int' - 'GLfloat' dönüşümü; veri kaybı olabilir
C:\Users\duyguu\source\repos\164 hw\hw1\hw1.cpp(223,26): warning C4244: 'bağımsız değişken': 'int' - 'GLfloat' dönüşümü; veri kaybı olabilir
C:\Users\duyguu\source\repos\164 hw\hw1\hw1.cpp(224,47): warning C4244: 'bağımsız değişken': 'int' - 'GLfloat' dönüşümü; veri kaybı olabilir
C:\Users\duyguu\source\repos\164 hw\hw1\hw1.cpp(224,27): warning C4244: 'bağımsız değişken': 'int' - 'GLfloat' dönüşümü; veri kaybı olabilir
C:\Users\duyguu\source\repos\164 hw\hw1\hw1.cpp(233,25): warning C4305: 'bağımsız değişken': 'double' iken 'GLfloat' olarak kesildi
C:\Users\duyguu\source\repos\164 hw\hw1\hw1.cpp(235,47): warning C4244: 'bağımsız değişken': 'int' - 'GLfloat' dönüşümü; veri kaybı olabilir
C:\Users\duyguu\source\repos\164 hw\hw1\hw1.cpp(235,27): warning C4244: 'bağımsız değişken': 'int' - 'GLfloat' dönüşümü; veri kaybı olabilir
C:\Users\duyguu\source\repos\164 hw\hw1\hw1.cpp(236,46): warning C4244: 'bağımsız değişken': 'int' - 'GLfloat' dönüşümü; veri kaybı olabilir
C:\Users\duyguu\source\repos\164 hw\hw1\hw1.cpp(236,26): warning C4244: 'bağımsız değişken': 'int' - 'GLfloat' dönüşümü; veri kaybı olabilir
C:\Users\duyguu\source\repos\164 hw\hw1\hw1.cpp(237,26): warning C4244: 'bağımsız değişken': 'int' - 'GLfloat' dönüşümü; veri kaybı olabilir
C:\Users\duyguu\source\repos\164 hw\hw1\hw1.cpp(238,27): warning C4244: 'bağımsız değişken': 'int' - 'GLfloat' dönüşümü; veri kaybı olabilir
C:\Users\duyguu\source\repos\164 hw\hw1\hw1.cpp(242,25): warning C4305: 'bağımsız değişken': 'double' iken 'GLfloat' olarak kesildi
C:\Users\duyguu\source\repos\164 hw\hw1\hw1.cpp(244,15): warning C4244: 'başlatılıyor': 'int' - 'float' dönüşümü; veri kaybı olabilir
C:\Users\duyguu\source\repos\164 hw\hw1\hw1.cpp(245,11): warning C4244: 'başlatılıyor': 'double' - 'float' dönüşümü; veri kaybı olabilir
C:\Users\duyguu\source\repos\164 hw\hw1\hw1.cpp(247,32): warning C4244: 'bağımsız değişken': 'int' - 'GLfloat' dönüşümü; veri kaybı olabilir
C:\Users\duyguu\source\repos\164 hw\hw1\hw1.cpp(254,25): warning C4305: 'bağımsız değişken': 'double' iken 'GLfloat' olarak kesildi
C:\Users\duyguu\source\repos\164 hw\hw1\hw1.cpp(264,29): warning C4244: 'bağımsız değişken': 'int' - 'GLfloat' dönüşümü; veri kaybı olabilir
C:\Users\duyguu\source\repos\164 hw\hw1\hw1.cpp(264,13): warning C4244: 'bağımsız değişken': 'int' - 'GLfloat' dönüşümü; veri kaybı olabilir
C:\Users\duyguu\source\repos\164 hw\hw1\hw1.cpp(265,43): warning C4244: 'bağımsız değişken': 'int' - 'GLfloat' dönüşümü; veri kaybı olabilir
C:\Users\duyguu\source\repos\164 hw\hw1\hw1.cpp(265,28): warning C4244: 'bağımsız değişken': 'int' - 'GLfloat' dönüşümü; veri kaybı olabilir
C:\Users\duyguu\source\repos\164 hw\hw1\hw1.cpp(266,58): warning C4244: 'bağımsız değişken': 'int' - 'GLfloat' dönüşümü; veri kaybı olabilir
C:\Users\duyguu\source\repos\164 hw\hw1\hw1.cpp(266,28): warning C4244: 'bağımsız değişken': 'int' - 'GLfloat' dönüşümü; veri kaybı olabilir
C:\Users\duyguu\source\repos\164 hw\hw1\hw1.cpp(267,44): warning C4244: 'bağımsız değişken': 'int' - 'GLfloat' dönüşümü; veri kaybı olabilir
C:\Users\duyguu\source\repos\164 hw\hw1\hw1.cpp(267,13): warning C4244: 'bağımsız değişken': 'int' - 'GLfloat' dönüşümü; veri kaybı olabilir
C:\Users\duyguu\source\repos\164 hw\hw1\hw1.cpp(270,25): warning C4305: 'bağımsız değişken': 'double' iken 'GLfloat' olarak kesildi
C:\Users\duyguu\source\repos\164 hw\hw1\hw1.cpp(271,17): warning C4244: 'başlatılıyor': 'int' - 'float' dönüşümü; veri kaybı olabilir
C:\Users\duyguu\source\repos\164 hw\hw1\hw1.cpp(274,26): warning C4305: 'bağımsız değişken': 'double' iken 'GLfloat' olarak kesildi
C:\Users\duyguu\source\repos\164 hw\hw1\hw1.cpp(278,60): warning C4244: 'bağımsız değişken': 'int' - 'GLfloat' dönüşümü; veri kaybı olabilir
C:\Users\duyguu\source\repos\164 hw\hw1\hw1.cpp(278,29): warning C4244: 'bağımsız değişken': 'int' - 'GLfloat' dönüşümü; veri kaybı olabilir
C:\Users\duyguu\source\repos\164 hw\hw1\hw1.cpp(279,74): warning C4244: 'bağımsız değişken': 'int' - 'GLfloat' dönüşümü; veri kaybı olabilir
C:\Users\duyguu\source\repos\164 hw\hw1\hw1.cpp(279,43): warning C4244: 'bağımsız değişken': 'int' - 'GLfloat' dönüşümü; veri kaybı olabilir
C:\Users\duyguu\source\repos\164 hw\hw1\hw1.cpp(280,89): warning C4244: 'bağımsız değişken': 'int' - 'GLfloat' dönüşümü; veri kaybı olabilir
C:\Users\duyguu\source\repos\164 hw\hw1\hw1.cpp(280,43): warning C4244: 'bağımsız değişken': 'int' - 'GLfloat' dönüşümü; veri kaybı olabilir
C:\Users\duyguu\source\repos\164 hw\hw1\hw1.cpp(281,75): warning C4244: 'bağımsız değişken': 'int' - 'GLfloat' dönüşümü; veri kaybı olabilir
C:\Users\duyguu\source\repos\164 hw\hw1\hw1.cpp(281,29): warning C4244: 'bağımsız değişken': 'int' - 'GLfloat' dönüşümü; veri kaybı olabilir
C:\Users\duyguu\source\repos\164 hw\hw1\hw1.cpp(288,62): warning C4244: 'bağımsız değişken': 'int' - 'GLfloat' dönüşümü; veri kaybı olabilir
C:\Users\duyguu\source\repos\164 hw\hw1\hw1.cpp(288,46): warning C4244: 'bağımsız değişken': 'int' - 'GLfloat' dönüşümü; veri kaybı olabilir
C:\Users\duyguu\source\repos\164 hw\hw1\hw1.cpp(289,62): warning C4244: 'bağımsız değişken': 'int' - 'GLfloat' dönüşümü; veri kaybı olabilir
C:\Users\duyguu\source\repos\164 hw\hw1\hw1.cpp(289,46): warning C4244: 'bağımsız değişken': 'int' - 'GLfloat' dönüşümü; veri kaybı olabilir
C:\Users\duyguu\source\repos\164 hw\hw1\hw1.cpp(290,77): warning C4244: 'bağımsız değişken': 'int' - 'GLfloat' dönüşümü; veri kaybı olabilir
C:\Users\duyguu\source\repos\164 hw\hw1\hw1.cpp(290,46): warning C4244: 'bağımsız değişken': 'int' - 'GLfloat' dönüşümü; veri kaybı olabilir
C:\Users\duyguu\source\repos\164 hw\hw1\hw1.cpp(291,77): warning C4244: 'bağımsız değişken': 'int' - 'GLfloat' dönüşümü; veri kaybı olabilir
C:\Users\duyguu\source\repos\164 hw\hw1\hw1.cpp(291,46): warning C4244: 'bağımsız değişken': 'int' - 'GLfloat' dönüşümü; veri kaybı olabilir
C:\Users\duyguu\source\repos\164 hw\hw1\hw1.cpp(296,63): warning C4244: 'bağımsız değişken': 'int' - 'GLfloat' dönüşümü; veri kaybı olabilir
C:\Users\duyguu\source\repos\164 hw\hw1\hw1.cpp(296,13): warning C4244: 'bağımsız değişken': 'int' - 'GLfloat' dönüşümü; veri kaybı olabilir
C:\Users\duyguu\source\repos\164 hw\hw1\hw1.cpp(297,77): warning C4244: 'bağımsız değişken': 'int' - 'GLfloat' dönüşümü; veri kaybı olabilir
C:\Users\duyguu\source\repos\164 hw\hw1\hw1.cpp(297,28): warning C4244: 'bağımsız değişken': 'int' - 'GLfloat' dönüşümü; veri kaybı olabilir
C:\Users\duyguu\source\repos\164 hw\hw1\hw1.cpp(298,77): warning C4244: 'bağımsız değişken': 'int' - 'GLfloat' dönüşümü; veri kaybı olabilir
C:\Users\duyguu\source\repos\164 hw\hw1\hw1.cpp(298,28): warning C4244: 'bağımsız değişken': 'int' - 'GLfloat' dönüşümü; veri kaybı olabilir
C:\Users\duyguu\source\repos\164 hw\hw1\hw1.cpp(299,63): warning C4244: 'bağımsız değişken': 'int' - 'GLfloat' dönüşümü; veri kaybı olabilir
C:\Users\duyguu\source\repos\164 hw\hw1\hw1.cpp(299,13): warning C4244: 'bağımsız değişken': 'int' - 'GLfloat' dönüşümü; veri kaybı olabilir
C:\Users\duyguu\source\repos\164 hw\hw1\hw1.cpp(313,19): warning C4244: 'bağımsız değişken': 'int' - 'GLfloat' dönüşümü; veri kaybı olabilir
C:\Users\duyguu\source\repos\164 hw\hw1\hw1.cpp(313,16): warning C4244: 'bağımsız değişken': 'int' - 'GLfloat' dönüşümü; veri kaybı olabilir
C:\Users\duyguu\source\repos\164 hw\hw1\hw1.cpp(322,43): warning C4244: 'bağımsız değişken': 'double' - 'int' dönüşümü; veri kaybı olabilir
C:\Users\duyguu\source\repos\164 hw\hw1\hw1.cpp(323,43): warning C4244: 'bağımsız değişken': 'double' - 'int' dönüşümü; veri kaybı olabilir
C:\Users\duyguu\source\repos\164 hw\hw1\hw1.cpp(325,25): warning C4305: 'bağımsız değişken': 'double' iken 'GLfloat' olarak kesildi
C:\Users\duyguu\source\repos\164 hw\hw1\hw1.cpp(364,25): warning C4244: '=': 'int' - 'float' dönüşümü; veri kaybı olabilir
C:\Users\duyguu\source\repos\164 hw\hw1\hw1.cpp(379,31): warning C4244: '=': 'int' - 'float' dönüşümü; veri kaybı olabilir
C:\Users\duyguu\source\repos\164 hw\hw1\hw1.cpp(382,30): warning C4244: '=': 'int' - 'float' dönüşümü; veri kaybı olabilir
  hw1.vcxproj -> C:\Users\duyguu\source\repos\164 hw\Debug\hw1.exe
