  hw2.cpp
C:\Users\duyguu\source\repos\164 hw\hw2\hw2.cpp(79,36): warning C4244: '=': 'int' - 'float' dönüşümü; veri kaybı olabilir
C:\Users\duyguu\source\repos\164 hw\hw2\hw2.cpp(81,40): warning C4244: '=': 'double' - 'float' dönüşümü; veri kaybı olabilir
C:\Users\duyguu\source\repos\164 hw\hw2\hw2.cpp(88,62): warning C4838: 'double ile 'float arasında dönüştürme bir daraltma dönüştürmesi gerektiriyor
C:\Users\duyguu\source\repos\164 hw\hw2\hw2.cpp(88,62): warning C4244: 'başlatılıyor': 'double' - 'float' dönüşümü; veri kaybı olabilir
C:\Users\duyguu\source\repos\164 hw\hw2\hw2.cpp(89,54): warning C4838: 'double ile 'float arasında dönüştürme bir daraltma dönüştürmesi gerektiriyor
C:\Users\duyguu\source\repos\164 hw\hw2\hw2.cpp(89,54): warning C4244: 'başlatılıyor': 'double' - 'float' dönüşümü; veri kaybı olabilir
C:\Users\duyguu\source\repos\164 hw\hw2\hw2.cpp(90,54): warning C4838: 'double ile 'float arasında dönüştürme bir daraltma dönüştürmesi gerektiriyor
C:\Users\duyguu\source\repos\164 hw\hw2\hw2.cpp(90,54): warning C4244: 'başlatılıyor': 'double' - 'float' dönüşümü; veri kaybı olabilir
C:\Users\duyguu\source\repos\164 hw\hw2\hw2.cpp(100,1): warning C4005: 'PI': makro yeniden tanımlama
C:\Users\duyguu\source\repos\164 hw\hw2\hw2.cpp(53): message : önceki 'PI' tanımına bakın
C:\Users\duyguu\source\repos\164 hw\hw2\hw2.cpp(104,28): warning C4244: '=': 'double' - 'float' dönüşümü; veri kaybı olabilir
C:\Users\duyguu\source\repos\164 hw\hw2\hw2.cpp(105,42): warning C4244: 'bağımsız değişken': 'double' - 'GLfloat' dönüşümü; veri kaybı olabilir
C:\Users\duyguu\source\repos\164 hw\hw2\hw2.cpp(105,22): warning C4244: 'bağımsız değişken': 'double' - 'GLfloat' dönüşümü; veri kaybı olabilir
C:\Users\duyguu\source\repos\164 hw\hw2\hw2.cpp(113,21): warning C4244: 'başlatılıyor': 'double' - 'float' dönüşümü; veri kaybı olabilir
C:\Users\duyguu\source\repos\164 hw\hw2\hw2.cpp(114,44): warning C4244: 'bağımsız değişken': 'double' - 'GLfloat' dönüşümü; veri kaybı olabilir
C:\Users\duyguu\source\repos\164 hw\hw2\hw2.cpp(114,23): warning C4244: 'bağımsız değişken': 'double' - 'GLfloat' dönüşümü; veri kaybı olabilir
C:\Users\duyguu\source\repos\164 hw\hw2\hw2.cpp(122,22): warning C4244: 'bağımsız değişken': 'int' - 'GLfloat' dönüşümü; veri kaybı olabilir
C:\Users\duyguu\source\repos\164 hw\hw2\hw2.cpp(122,19): warning C4244: 'bağımsız değişken': 'int' - 'GLfloat' dönüşümü; veri kaybı olabilir
C:\Users\duyguu\source\repos\164 hw\hw2\hw2.cpp(141,22): warning C4244: 'bağımsız değişken': 'int' - 'GLfloat' dönüşümü; veri kaybı olabilir
C:\Users\duyguu\source\repos\164 hw\hw2\hw2.cpp(141,19): warning C4244: 'bağımsız değişken': 'int' - 'GLfloat' dönüşümü; veri kaybı olabilir
C:\Users\duyguu\source\repos\164 hw\hw2\hw2.cpp(155,21): warning C4244: 'bağımsız değişken': 'int' - 'GLfloat' dönüşümü; veri kaybı olabilir
C:\Users\duyguu\source\repos\164 hw\hw2\hw2.cpp(155,18): warning C4244: 'bağımsız değişken': 'int' - 'GLfloat' dönüşümü; veri kaybı olabilir
C:\Users\duyguu\source\repos\164 hw\hw2\hw2.cpp(184,20): warning C4244: 'bağımsız değişken': 'int' - 'GLfloat' dönüşümü; veri kaybı olabilir
C:\Users\duyguu\source\repos\164 hw\hw2\hw2.cpp(184,16): warning C4244: 'bağımsız değişken': 'int' - 'GLfloat' dönüşümü; veri kaybı olabilir
C:\Users\duyguu\source\repos\164 hw\hw2\hw2.cpp(185,24): warning C4244: 'bağımsız değişken': 'int' - 'GLfloat' dönüşümü; veri kaybı olabilir
C:\Users\duyguu\source\repos\164 hw\hw2\hw2.cpp(185,19): warning C4244: 'bağımsız değişken': 'int' - 'GLfloat' dönüşümü; veri kaybı olabilir
C:\Users\duyguu\source\repos\164 hw\hw2\hw2.cpp(186,35): warning C4244: 'bağımsız değişken': 'double' - 'GLfloat' dönüşümü; veri kaybı olabilir
C:\Users\duyguu\source\repos\164 hw\hw2\hw2.cpp(186,26): warning C4244: 'bağımsız değişken': 'double' - 'GLfloat' dönüşümü; veri kaybı olabilir
C:\Users\duyguu\source\repos\164 hw\hw2\hw2.cpp(186,17): warning C4244: 'bağımsız değişken': 'double' - 'GLfloat' dönüşümü; veri kaybı olabilir
C:\Users\duyguu\source\repos\164 hw\hw2\hw2.cpp(187,27): warning C4244: 'bağımsız değişken': 'int' - 'GLfloat' dönüşümü; veri kaybı olabilir
C:\Users\duyguu\source\repos\164 hw\hw2\hw2.cpp(187,19): warning C4244: 'bağımsız değişken': 'int' - 'GLfloat' dönüşümü; veri kaybı olabilir
C:\Users\duyguu\source\repos\164 hw\hw2\hw2.cpp(188,23): warning C4244: 'bağımsız değişken': 'int' - 'GLfloat' dönüşümü; veri kaybı olabilir
C:\Users\duyguu\source\repos\164 hw\hw2\hw2.cpp(188,16): warning C4244: 'bağımsız değişken': 'int' - 'GLfloat' dönüşümü; veri kaybı olabilir
C:\Users\duyguu\source\repos\164 hw\hw2\hw2.cpp(191,28): warning C4305: 'bağımsız değişken': 'double' iken 'GLfloat' olarak kesildi
C:\Users\duyguu\source\repos\164 hw\hw2\hw2.cpp(193,20): warning C4244: 'bağımsız değişken': 'int' - 'GLfloat' dönüşümü; veri kaybı olabilir
C:\Users\duyguu\source\repos\164 hw\hw2\hw2.cpp(193,16): warning C4244: 'bağımsız değişken': 'int' - 'GLfloat' dönüşümü; veri kaybı olabilir
C:\Users\duyguu\source\repos\164 hw\hw2\hw2.cpp(194,24): warning C4244: 'bağımsız değişken': 'int' - 'GLfloat' dönüşümü; veri kaybı olabilir
C:\Users\duyguu\source\repos\164 hw\hw2\hw2.cpp(194,19): warning C4244: 'bağımsız değişken': 'int' - 'GLfloat' dönüşümü; veri kaybı olabilir
C:\Users\duyguu\source\repos\164 hw\hw2\hw2.cpp(195,27): warning C4244: 'bağımsız değişken': 'int' - 'GLfloat' dönüşümü; veri kaybı olabilir
C:\Users\duyguu\source\repos\164 hw\hw2\hw2.cpp(195,19): warning C4244: 'bağımsız değişken': 'int' - 'GLfloat' dönüşümü; veri kaybı olabilir
C:\Users\duyguu\source\repos\164 hw\hw2\hw2.cpp(196,23): warning C4244: 'bağımsız değişken': 'int' - 'GLfloat' dönüşümü; veri kaybı olabilir
C:\Users\duyguu\source\repos\164 hw\hw2\hw2.cpp(196,16): warning C4244: 'bağımsız değişken': 'int' - 'GLfloat' dönüşümü; veri kaybı olabilir
C:\Users\duyguu\source\repos\164 hw\hw2\hw2.cpp(202,28): warning C4305: 'bağımsız değişken': 'double' iken 'GLfloat' olarak kesildi
C:\Users\duyguu\source\repos\164 hw\hw2\hw2.cpp(207,24): warning C4244: '=': 'double' - 'int' dönüşümü; veri kaybı olabilir
C:\Users\duyguu\source\repos\164 hw\hw2\hw2.cpp(223,36): warning C4244: '=': 'int' - 'float' dönüşümü; veri kaybı olabilir
C:\Users\duyguu\source\repos\164 hw\hw2\hw2.cpp(225,40): warning C4244: '=': 'double' - 'float' dönüşümü; veri kaybı olabilir
C:\Users\duyguu\source\repos\164 hw\hw2\hw2.cpp(233,22): warning C4553: '==': ifade sonucu kullanılmıyor; '=' kullanmak mı istediniz?
C:\Users\duyguu\source\repos\164 hw\hw2\hw2.cpp(234,24): warning C4244: '=': 'float' - 'int' dönüşümü; veri kaybı olabilir
C:\Users\duyguu\source\repos\164 hw\hw2\hw2.cpp(235,24): warning C4244: '=': 'float' - 'int' dönüşümü; veri kaybı olabilir
C:\Users\duyguu\source\repos\164 hw\hw2\hw2.cpp(259,26): warning C4244: 'bağımsız değişken': 'int' - 'GLfloat' dönüşümü; veri kaybı olabilir
C:\Users\duyguu\source\repos\164 hw\hw2\hw2.cpp(259,18): warning C4244: 'bağımsız değişken': 'int' - 'GLfloat' dönüşümü; veri kaybı olabilir
C:\Users\duyguu\source\repos\164 hw\hw2\hw2.cpp(260,26): warning C4244: 'bağımsız değişken': 'int' - 'GLfloat' dönüşümü; veri kaybı olabilir
C:\Users\duyguu\source\repos\164 hw\hw2\hw2.cpp(260,18): warning C4244: 'bağımsız değişken': 'int' - 'GLfloat' dönüşümü; veri kaybı olabilir
C:\Users\duyguu\source\repos\164 hw\hw2\hw2.cpp(261,21): warning C4244: 'bağımsız değişken': 'int' - 'GLfloat' dönüşümü; veri kaybı olabilir
C:\Users\duyguu\source\repos\164 hw\hw2\hw2.cpp(261,16): warning C4244: 'bağımsız değişken': 'int' - 'GLfloat' dönüşümü; veri kaybı olabilir
C:\Users\duyguu\source\repos\164 hw\hw2\hw2.cpp(265,28): warning C4305: 'bağımsız değişken': 'double' iken 'GLfloat' olarak kesildi
C:\Users\duyguu\source\repos\164 hw\hw2\hw2.cpp(267,26): warning C4244: 'bağımsız değişken': 'int' - 'GLfloat' dönüşümü; veri kaybı olabilir
C:\Users\duyguu\source\repos\164 hw\hw2\hw2.cpp(267,18): warning C4244: 'bağımsız değişken': 'int' - 'GLfloat' dönüşümü; veri kaybı olabilir
C:\Users\duyguu\source\repos\164 hw\hw2\hw2.cpp(268,26): warning C4244: 'bağımsız değişken': 'int' - 'GLfloat' dönüşümü; veri kaybı olabilir
C:\Users\duyguu\source\repos\164 hw\hw2\hw2.cpp(268,18): warning C4244: 'bağımsız değişken': 'int' - 'GLfloat' dönüşümü; veri kaybı olabilir
C:\Users\duyguu\source\repos\164 hw\hw2\hw2.cpp(269,21): warning C4244: 'bağımsız değişken': 'int' - 'GLfloat' dönüşümü; veri kaybı olabilir
C:\Users\duyguu\source\repos\164 hw\hw2\hw2.cpp(269,16): warning C4244: 'bağımsız değişken': 'int' - 'GLfloat' dönüşümü; veri kaybı olabilir
C:\Users\duyguu\source\repos\164 hw\hw2\hw2.cpp(276,46): warning C4244: 'bağımsız değişken': 'float' - 'int' dönüşümü; veri kaybı olabilir
C:\Users\duyguu\source\repos\164 hw\hw2\hw2.cpp(276,33): warning C4244: 'bağımsız değişken': 'float' - 'int' dönüşümü; veri kaybı olabilir
C:\Users\duyguu\source\repos\164 hw\hw2\hw2.cpp(302,28): warning C4244: '=': 'float' - 'int' dönüşümü; veri kaybı olabilir
C:\Users\duyguu\source\repos\164 hw\hw2\hw2.cpp(303,28): warning C4244: '=': 'float' - 'int' dönüşümü; veri kaybı olabilir
C:\Users\duyguu\source\repos\164 hw\hw2\hw2.cpp(369,24): warning C4244: 'bağımsız değişken': 'int' - 'GLfloat' dönüşümü; veri kaybı olabilir
C:\Users\duyguu\source\repos\164 hw\hw2\hw2.cpp(369,18): warning C4244: 'bağımsız değişken': 'int' - 'GLfloat' dönüşümü; veri kaybı olabilir
C:\Users\duyguu\source\repos\164 hw\hw2\hw2.cpp(370,24): warning C4244: 'bağımsız değişken': 'int' - 'GLfloat' dönüşümü; veri kaybı olabilir
C:\Users\duyguu\source\repos\164 hw\hw2\hw2.cpp(370,18): warning C4244: 'bağımsız değişken': 'int' - 'GLfloat' dönüşümü; veri kaybı olabilir
C:\Users\duyguu\source\repos\164 hw\hw2\hw2.cpp(371,26): warning C4244: 'bağımsız değişken': 'int' - 'GLfloat' dönüşümü; veri kaybı olabilir
C:\Users\duyguu\source\repos\164 hw\hw2\hw2.cpp(371,18): warning C4244: 'bağımsız değişken': 'int' - 'GLfloat' dönüşümü; veri kaybı olabilir
C:\Users\duyguu\source\repos\164 hw\hw2\hw2.cpp(372,26): warning C4244: 'bağımsız değişken': 'int' - 'GLfloat' dönüşümü; veri kaybı olabilir
C:\Users\duyguu\source\repos\164 hw\hw2\hw2.cpp(372,18): warning C4244: 'bağımsız değişken': 'int' - 'GLfloat' dönüşümü; veri kaybı olabilir
C:\Users\duyguu\source\repos\164 hw\hw2\hw2.cpp(379,70): warning C4244: 'bağımsız değişken': 'float' - 'int' dönüşümü; veri kaybı olabilir
C:\Users\duyguu\source\repos\164 hw\hw2\hw2.cpp(379,49): warning C4244: 'bağımsız değişken': 'float' - 'int' dönüşümü; veri kaybı olabilir
C:\Users\duyguu\source\repos\164 hw\hw2\hw2.cpp(384,67): warning C4305: 'bağımsız değişken': 'double' iken 'float' olarak kesildi
C:\Users\duyguu\source\repos\164 hw\hw2\hw2.cpp(432,63): warning C4305: 'bağımsız değişken': 'double' iken 'float' olarak kesildi
C:\Users\duyguu\source\repos\164 hw\hw2\hw2.cpp(433,35): warning C4305: 'bağımsız değişken': 'double' iken 'GLfloat' olarak kesildi
C:\Users\duyguu\source\repos\164 hw\hw2\hw2.cpp(443,59): warning C4305: 'bağımsız değişken': 'double' iken 'float' olarak kesildi
C:\Users\duyguu\source\repos\164 hw\hw2\hw2.cpp(670,58): warning C4244: '+=': 'float' - 'int' dönüşümü; veri kaybı olabilir
C:\Users\duyguu\source\repos\164 hw\hw2\hw2.cpp(692,46): warning C4244: 'başlatılıyor': 'float' - 'int' dönüşümü; veri kaybı olabilir
C:\Users\duyguu\source\repos\164 hw\hw2\hw2.cpp(726,91): warning C4244: '=': 'double' - 'float' dönüşümü; veri kaybı olabilir
C:\Users\duyguu\source\repos\164 hw\hw2\hw2.cpp(765,15): warning C4244: 'bağımsız değişken': 'time_t' - 'unsigned int' dönüşümü; veri kaybı olabilir
  hw2.vcxproj -> C:\Users\duyguu\source\repos\164 hw\Debug\hw2.exe
